#
# A fatal error has been detected by the Java Runtime Environment:
#
#  EXCEPTION_ACCESS_VIOLATION (0xc0000005) at pc=0x00007ffe600c8450, pid=13216, tid=7840
#
# JRE version: OpenJDK Runtime Environment Temurin-17.0.6+10 (17.0.6+10) (build 17.0.6+10)
# Java VM: OpenJDK 64-Bit Server VM Temurin-17.0.6+10 (17.0.6+10, mixed mode, tiered, compressed oops, compressed class ptrs, g1 gc, windows-amd64)
# Problematic frame:
# V  [jvm.dll+0x368450]
#
# No core dump will be written. Minidumps are not enabled by default on client versions of Windows
#
# If you would like to submit a bug report, please visit:
#   https://github.com/adoptium/adoptium-support/issues
#

---------------  S U M M A R Y ------------

Command Line: -agentlib:jdwp=transport=dt_socket,server=n,suspend=y,address=localhost:55615 -XX:+ShowCodeDetailsInExceptionMessages shoes.skream.project.ProjectApplication

Host: Intel(R) Core(TM) i5-7500 CPU @ 3.40GHz, 4 cores, 15G,  Windows 10 , 64 bit Build 19041 (10.0.19041.2546)
Time: Fri Mar 24 11:14:24 2023  Windows 10 , 64 bit Build 19041 (10.0.19041.2546) elapsed time: 5.895490 seconds (0d 0h 0m 5s)

---------------  T H R E A D  ---------------

Current thread (0x000001ba84871db0):  JavaThread "C2 CompilerThread0" daemon [_thread_in_native, id=7840, stack(0x0000005b8fc00000,0x0000005b8fd00000)]


Current CompileTask:
C2:   5895 4629       4       org.springframework.core.annotation.TypeMappedAnnotations::get (52 bytes)

Stack: [0x0000005b8fc00000,0x0000005b8fd00000],  sp=0x0000005b8fcfb860,  free space=1006k
Native frames: (J=compiled Java code, j=interpreted, Vv=VM code, C=native code)
V  [jvm.dll+0x368450]
V  [jvm.dll+0x3618a1]
V  [jvm.dll+0x1bbbbf]
V  [jvm.dll+0x218749]
V  [jvm.dll+0x217a11]
V  [jvm.dll+0x1a3d0d]
V  [jvm.dll+0x22742a]
V  [jvm.dll+0x225565]
V  [jvm.dll+0x7ea2cb]
V  [jvm.dll+0x7e483a]
V  [jvm.dll+0x6762c5]
C  [ucrtbase.dll+0x21bb2]
C  [KERNEL32.DLL+0x17614]
C  [ntdll.dll+0x526a1]


siginfo: EXCEPTION_ACCESS_VIOLATION (0xc0000005), reading address 0x00003ffe608cae38


Register to memory mapping:

RIP=0x00007ffe600c8450 jvm.dll
RAX=0x0 is NULL
RBX=0x0000005b8fcfb8b0 is pointing into the stack for thread: 0x000001ba84871db0
RCX=0x0 is NULL
RDX=0x00003ffe608cae38 is an unknown value
RSP=0x0000005b8fcfb860 is pointing into the stack for thread: 0x000001ba84871db0
RBP=0x0000005b8fcfb9c0 is pointing into the stack for thread: 0x000001ba84871db0
RSI=0x00007ffe608cae38 jvm.dll
RDI=0x0000000000000015 is an unknown value
R8 =0x0000020000000000 is an unknown value
R9 =0x0000000000000004 is an unknown value
R10=0x0000000000000003 is an unknown value
R11=0x000001ba8dfd8440 points into unknown readable memory: 0x0000000000000000 | 00 00 00 00 00 00 00 00
R12=0x0 is NULL
R13=0x000001bae6211050 points into unknown readable memory: 0x0000000000000000 | 00 00 00 00 00 00 00 00
R14=0x0000000000000029 is an unknown value
R15=0x00007ffe608cae38 jvm.dll


Registers:
RAX=0x0000000000000000, RBX=0x0000005b8fcfb8b0, RCX=0x0000000000000000, RDX=0x00003ffe608cae38
RSP=0x0000005b8fcfb860, RBP=0x0000005b8fcfb9c0, RSI=0x00007ffe608cae38, RDI=0x0000000000000015
R8 =0x0000020000000000, R9 =0x0000000000000004, R10=0x0000000000000003, R11=0x000001ba8dfd8440
R12=0x0000000000000000, R13=0x000001bae6211050, R14=0x0000000000000029, R15=0x00007ffe608cae38
RIP=0x00007ffe600c8450, EFLAGS=0x0000000000010246

Top of Stack: (sp=0x0000005b8fcfb860)
0x0000005b8fcfb860:   000001ba84856af0 000001ba897c6700
0x0000005b8fcfb870:   0000000000350e48 00007ffe606c1658
0x0000005b8fcfb880:   000001ba8cc78e90 00007ffe600c18a1
0x0000005b8fcfb890:   0000000000005129 0000000000005129
0x0000005b8fcfb8a0:   000001ba84856a00 0000000000000000
0x0000005b8fcfb8b0:   0000000000000000 0000000200000b4a
0x0000005b8fcfb8c0:   000000520000000c 00003ffe608cae38
0x0000005b8fcfb8d0:   000001ba8b58c380 000001ba8cf339f0
0x0000005b8fcfb8e0:   00000000000003d8 0000000000000000
0x0000005b8fcfb8f0:   0000005b8fcfba00 00007ffe5ff1bbbf
0x0000005b8fcfb900:   0000005b8fcfbd60 0000005b8fcfbe40
0x0000005b8fcfb910:   000001ba849d5340 000001ba849d5330
0x0000005b8fcfb920:   0000000000000000 0000005b8fcfb9e0
0x0000005b8fcfb930:   0000000000000006 000001ba849d5330
0x0000005b8fcfb940:   000001ba8e0d9550 000001ba8e0daee0
0x0000005b8fcfb950:   000001ba8e0e1538 00000000029f9190 

Instructions: (pc=0x00007ffe600c8450)
0x00007ffe600c8350:   48 8b a8 80 00 00 00 48 8b 8d d0 08 00 00 48 85
0x00007ffe600c8360:   c9 75 0c e8 e8 0b 00 00 48 8b 8d d0 08 00 00 48
0x00007ffe600c8370:   8b 01 0f 57 c0 48 89 85 d0 08 00 00 0f 11 01 0f
0x00007ffe600c8380:   11 41 10 41 0f 10 06 0f 11 01 41 0f 10 4e 10 0f
0x00007ffe600c8390:   11 49 10 48 8b 43 08 48 89 0c 06 ff c7 ba 50 00
0x00007ffe600c83a0:   00 00 3b bb 90 00 00 00 0f 82 62 ff ff ff 4c 8b
0x00007ffe600c83b0:   74 24 60 4c 8b 6c 24 58 4c 8b 64 24 50 48 8b c3
0x00007ffe600c83c0:   48 83 c4 20 41 5f 5f 5e 5d 5b c3 cc cc cc cc cc
0x00007ffe600c83d0:   40 53 48 83 ec 20 8b 51 0c 48 8b d9 83 fa 04 73
0x00007ffe600c83e0:   2a 4c 8b 59 18 66 66 66 0f 1f 84 00 00 00 00 00
0x00007ffe600c83f0:   44 8b d2 44 8d 4a 01 4b 83 3c d3 00 0f 85 8f 00
0x00007ffe600c8400:   00 00 41 8b d1 41 83 f9 04 72 e5 48 89 74 24 30
0x00007ffe600c8410:   48 89 7c 24 38 8b 79 10 3b 79 14 73 62 48 8d 35
0x00007ffe600c8420:   14 2a 80 00 0f 1f 40 00 0f 1f 84 00 00 00 00 00
0x00007ffe600c8430:   48 8b 43 20 8b cf 48 8b 14 c8 48 3b d6 74 39 33
0x00007ffe600c8440:   c0 48 89 53 18 33 c9 66 0f 1f 84 00 00 00 00 00
0x00007ffe600c8450:   48 83 3c 11 00 44 8d 48 01 75 6f 48 83 c1 08 41
0x00007ffe600c8460:   8b c1 41 83 f9 04 72 e8 48 8b 4b 28 48 85 c9 74
0x00007ffe600c8470:   07 8b d7 e8 58 01 00 00 ff c7 3b 7b 14 72 b1 48
0x00007ffe600c8480:   8b 74 24 30 33 c0 48 8b 7c 24 38 48 83 c4 20 5b
0x00007ffe600c8490:   c3 8b 41 10 44 8d 04 82 41 c1 e0 06 41 81 c0 00
0x00007ffe600c84a0:   ff ff ff 44 89 41 08 4b 8b 14 d3 48 0f bc c2 44
0x00007ffe600c84b0:   89 49 0c 8b c8 48 d3 ea 48 ff ca 41 03 c0 48 89
0x00007ffe600c84c0:   13 89 43 08 48 83 c4 20 5b c3 48 8b 74 24 30 44
0x00007ffe600c84d0:   8d 04 b8 8b c8 8d 47 01 48 8b 7c 24 38 41 c1 e0
0x00007ffe600c84e0:   06 44 89 43 08 48 8b 14 ca 89 43 10 48 0f bc c2
0x00007ffe600c84f0:   44 89 4b 0c 8b c8 48 d3 ea 48 ff ca 41 03 c0 48
0x00007ffe600c8500:   89 13 89 43 08 48 83 c4 20 5b c3 cc cc cc cc cc
0x00007ffe600c8510:   40 53 48 83 ec 20 65 48 8b 04 25 58 00 00 00 8b
0x00007ffe600c8520:   0d d3 0f 84 00 48 8b 1c c8 b8 50 00 00 00 80 3c
0x00007ffe600c8530:   18 00 75 05 e8 47 6d 52 00 b8 20 00 00 00 48 8b
0x00007ffe600c8540:   04 18 48 8b 88 d0 04 00 00 48 8b 99 80 00 00 00 


Stack slot to memory mapping:
stack at sp + 0 slots: 0x000001ba84856af0 points into unknown readable memory: 0x0008000800000006 | 06 00 00 00 08 00 08 00
stack at sp + 1 slots: 0x000001ba897c6700 points into unknown readable memory: 0x0000000000000000 | 00 00 00 00 00 00 00 00
stack at sp + 2 slots: 0x0000000000350e48 is an unknown value
stack at sp + 3 slots: 0x00007ffe606c1658 jvm.dll
stack at sp + 4 slots: 0x000001ba8cc78e90 points into unknown readable memory: 0x0000005200002973 | 73 29 00 00 52 00 00 00
stack at sp + 5 slots: 0x00007ffe600c18a1 jvm.dll
stack at sp + 6 slots: 0x0000000000005129 is an unknown value
stack at sp + 7 slots: 0x0000000000005129 is an unknown value


---------------  P R O C E S S  ---------------

Threads class SMR info:
_java_thread_list=0x000001ba8971ef80, length=24, elements={
0x000001bae6166c80, 0x000001ba8482e750, 0x000001ba8482ff60, 0x000001ba84858f40,
0x000001ba84859d00, 0x000001ba84870720, 0x000001ba848710d0, 0x000001ba84871db0,
0x000001ba848841a0, 0x000001ba84885370, 0x000001ba84a25f50, 0x000001ba84a28c10,
0x000001ba84a29100, 0x000001ba84a2c640, 0x000001ba84a2e330, 0x000001ba85013f30,
0x000001ba858e6380, 0x000001ba85a08370, 0x000001ba8917c020, 0x000001ba889ebd10,
0x000001ba882fcee0, 0x000001ba8849bcb0, 0x000001ba8849c180, 0x000001ba8849c650
}

Java Threads: ( => current thread )
  0x000001bae6166c80 JavaThread "main" [_thread_blocked, id=10172, stack(0x0000005b8ef00000,0x0000005b8f000000)]
  0x000001ba8482e750 JavaThread "Reference Handler" daemon [_thread_blocked, id=11652, stack(0x0000005b8f600000,0x0000005b8f700000)]
  0x000001ba8482ff60 JavaThread "Finalizer" daemon [_thread_blocked, id=11488, stack(0x0000005b8f700000,0x0000005b8f800000)]
  0x000001ba84858f40 JavaThread "Signal Dispatcher" daemon [_thread_blocked, id=9716, stack(0x0000005b8f800000,0x0000005b8f900000)]
  0x000001ba84859d00 JavaThread "Attach Listener" daemon [_thread_blocked, id=7184, stack(0x0000005b8f900000,0x0000005b8fa00000)]
  0x000001ba84870720 JavaThread "Service Thread" daemon [_thread_blocked, id=3064, stack(0x0000005b8fa00000,0x0000005b8fb00000)]
  0x000001ba848710d0 JavaThread "Monitor Deflation Thread" daemon [_thread_blocked, id=7824, stack(0x0000005b8fb00000,0x0000005b8fc00000)]
=>0x000001ba84871db0 JavaThread "C2 CompilerThread0" daemon [_thread_in_native, id=7840, stack(0x0000005b8fc00000,0x0000005b8fd00000)]
  0x000001ba848841a0 JavaThread "C1 CompilerThread0" daemon [_thread_blocked, id=9312, stack(0x0000005b8fd00000,0x0000005b8fe00000)]
  0x000001ba84885370 JavaThread "Sweeper thread" daemon [_thread_blocked, id=2132, stack(0x0000005b8fe00000,0x0000005b8ff00000)]
  0x000001ba84a25f50 JavaThread "JDWP Transport Listener: dt_socket" daemon [_thread_blocked, id=8100, stack(0x0000005b8ff00000,0x0000005b90000000)]
  0x000001ba84a28c10 JavaThread "JDWP Event Helper Thread" daemon [_thread_blocked, id=9272, stack(0x0000005b90000000,0x0000005b90100000)]
  0x000001ba84a29100 JavaThread "JDWP Command Reader" daemon [_thread_in_native, id=11820, stack(0x0000005b90100000,0x0000005b90200000)]
  0x000001ba84a2c640 JavaThread "Notification Thread" daemon [_thread_blocked, id=2144, stack(0x0000005b90200000,0x0000005b90300000)]
  0x000001ba84a2e330 JavaThread "Common-Cleaner" daemon [_thread_blocked, id=7116, stack(0x0000005b90400000,0x0000005b90500000)]
  0x000001ba85013f30 JavaThread "C2 CompilerThread1" daemon [_thread_in_native, id=8248, stack(0x0000005b90500000,0x0000005b90600000)]
  0x000001ba858e6380 JavaThread "Thread-0" [_thread_blocked, id=9668, stack(0x0000005b90900000,0x0000005b90a00000)]
  0x000001ba85a08370 JavaThread "restartedMain" [_thread_in_Java, id=788, stack(0x0000005b90a00000,0x0000005b90b00000)]
  0x000001ba8917c020 JavaThread "Catalina-utility-1" [_thread_blocked, id=8188, stack(0x0000005b90b00000,0x0000005b90c00000)]
  0x000001ba889ebd10 JavaThread "Catalina-utility-2" [_thread_blocked, id=3760, stack(0x0000005b90c00000,0x0000005b90d00000)]
  0x000001ba882fcee0 JavaThread "container-0" [_thread_blocked, id=10760, stack(0x0000005b90d00000,0x0000005b90e00000)]
  0x000001ba8849bcb0 JavaThread "mysql-cj-abandoned-connection-cleanup" daemon [_thread_blocked, id=2400, stack(0x0000005b90e00000,0x0000005b90f00000)]
  0x000001ba8849c180 JavaThread "HikariPool-1 housekeeper" daemon [_thread_blocked, id=2520, stack(0x0000005b91000000,0x0000005b91100000)]
  0x000001ba8849c650 JavaThread "HikariPool-1 connection adder" daemon [_thread_blocked, id=8928, stack(0x0000005b91100000,0x0000005b91200000)]

Other Threads:
  0x000001baffa94250 VMThread "VM Thread" [stack: 0x0000005b8f500000,0x0000005b8f600000] [id=3364]
  0x000001bae61fc4d0 WatcherThread [stack: 0x0000005b90300000,0x0000005b90400000] [id=3572]
  0x000001bae61dbe50 GCTaskThread "GC Thread#0" [stack: 0x0000005b8f000000,0x0000005b8f100000] [id=1352]
  0x000001ba856186e0 GCTaskThread "GC Thread#1" [stack: 0x0000005b90600000,0x0000005b90700000] [id=11372]
  0x000001ba855507e0 GCTaskThread "GC Thread#2" [stack: 0x0000005b90700000,0x0000005b90800000] [id=7888]
  0x000001ba85550a90 GCTaskThread "GC Thread#3" [stack: 0x0000005b90800000,0x0000005b90900000] [id=5704]
  0x000001bae61ecbd0 ConcurrentGCThread "G1 Main Marker" [stack: 0x0000005b8f100000,0x0000005b8f200000] [id=10256]
  0x000001bae61edd80 ConcurrentGCThread "G1 Conc#0" [stack: 0x0000005b8f200000,0x0000005b8f300000] [id=12940]
  0x000001bae62116b0 ConcurrentGCThread "G1 Refine#0" [stack: 0x0000005b8f300000,0x0000005b8f400000] [id=8676]
  0x000001bae62120d0 ConcurrentGCThread "G1 Service" [stack: 0x0000005b8f400000,0x0000005b8f500000] [id=700]

Threads with active compile tasks:
C2 CompilerThread0     5973 4629       4       org.springframework.core.annotation.TypeMappedAnnotations::get (52 bytes)
C1 CompilerThread0     5973 4796       3       net.bytebuddy.description.type.TypeDescription$Generic$Visitor$Substitutor::onNonGenericType (41 bytes)
C2 CompilerThread1     5973 4716       4       jdk.internal.org.objectweb.asm.Frame::execute (2318 bytes)

VM state: not at safepoint (normal execution)

VM Mutex/Monitor currently owned by a thread:  ([mutex/lock_event])
[0x000001bae6160740] CodeCache_lock - owner thread: 0x000001ba848841a0

Heap address: 0x0000000701c00000, size: 4068 MB, Compressed Oops mode: Zero based, Oop shift amount: 3

CDS archive(s) not mapped
Compressed class space mapped at: 0x0000000800000000-0x0000000840000000, reserved size: 1073741824
Narrow klass base: 0x0000000800000000, Narrow klass shift: 0, Narrow klass range: 0x40000000

GC Precious Log:
 CPUs: 4 total, 4 available
 Memory: 16270M
 Large Page Support: Disabled
 NUMA Support: Disabled
 Compressed Oops: Enabled (Zero based)
 Heap Region Size: 2M
 Heap Min Capacity: 8M
 Heap Initial Capacity: 256M
 Heap Max Capacity: 4068M
 Pre-touch: Disabled
 Parallel Workers: 4
 Concurrent Workers: 1
 Concurrent Refinement Workers: 4
 Periodic GC: Disabled

Heap:
 garbage-first heap   total 69632K, used 29262K [0x0000000701c00000, 0x0000000800000000)
  region size 2048K, 7 young (14336K), 2 survivors (4096K)
 Metaspace       used 55050K, committed 55360K, reserved 1097728K
  class space    used 7142K, committed 7296K, reserved 1048576K

Heap Regions: E=young(eden), S=young(survivor), O=old, HS=humongous(starts), HC=humongous(continues), CS=collection set, F=free, OA=open archive, CA=closed archive, TAMS=top-at-mark-start (previous, next)
|   0|0x0000000701c00000, 0x0000000701e00000, 0x0000000701e00000|100%| O|  |TAMS 0x0000000701e00000, 0x0000000701c00000| Untracked 
|   1|0x0000000701e00000, 0x0000000702000000, 0x0000000702000000|100%| O|  |TAMS 0x0000000702000000, 0x0000000701e00000| Untracked 
|   2|0x0000000702000000, 0x0000000702200000, 0x0000000702200000|100%| O|  |TAMS 0x0000000702000000, 0x0000000702000000| Untracked 
|   3|0x0000000702200000, 0x0000000702400000, 0x0000000702400000|100%| O|  |TAMS 0x0000000702400000, 0x0000000702200000| Untracked 
|   4|0x0000000702400000, 0x0000000702600000, 0x0000000702600000|100%| O|  |TAMS 0x0000000702600000, 0x0000000702400000| Untracked 
|   5|0x0000000702600000, 0x000000070279c800, 0x0000000702800000| 80%| O|  |TAMS 0x000000070279c800, 0x0000000702600000| Untracked 
|   6|0x0000000702800000, 0x0000000702a00000, 0x0000000702a00000|100%| O|  |TAMS 0x0000000702800000, 0x0000000702800000| Untracked 
|   7|0x0000000702a00000, 0x0000000702c00000, 0x0000000702c00000|100%| O|  |TAMS 0x0000000702a00000, 0x0000000702a00000| Untracked 
|   8|0x0000000702c00000, 0x0000000702e00000, 0x0000000702e00000|100%| O|  |TAMS 0x0000000702c00000, 0x0000000702c00000| Untracked 
|   9|0x0000000702e00000, 0x0000000702eab600, 0x0000000703000000| 33%| O|  |TAMS 0x0000000702e00000, 0x0000000702e00000| Untracked 
|  10|0x0000000703000000, 0x0000000703000000, 0x0000000703200000|  0%| F|  |TAMS 0x0000000703000000, 0x0000000703000000| Untracked 
|  11|0x0000000703200000, 0x0000000703200000, 0x0000000703400000|  0%| F|  |TAMS 0x0000000703200000, 0x0000000703200000| Untracked 
|  12|0x0000000703400000, 0x0000000703400000, 0x0000000703600000|  0%| F|  |TAMS 0x0000000703400000, 0x0000000703400000| Untracked 
|  13|0x0000000703600000, 0x0000000703600000, 0x0000000703800000|  0%| F|  |TAMS 0x0000000703600000, 0x0000000703600000| Untracked 
|  14|0x0000000703800000, 0x0000000703800000, 0x0000000703a00000|  0%| F|  |TAMS 0x0000000703800000, 0x0000000703800000| Untracked 
|  15|0x0000000703a00000, 0x0000000703a00000, 0x0000000703c00000|  0%| F|  |TAMS 0x0000000703a00000, 0x0000000703a00000| Untracked 
|  16|0x0000000703c00000, 0x0000000703c00000, 0x0000000703e00000|  0%| F|  |TAMS 0x0000000703c00000, 0x0000000703c00000| Untracked 
|  17|0x0000000703e00000, 0x0000000703e00000, 0x0000000704000000|  0%| F|  |TAMS 0x0000000703e00000, 0x0000000703e00000| Untracked 
|  18|0x0000000704000000, 0x000000070404bc30, 0x0000000704200000| 14%| S|CS|TAMS 0x0000000704000000, 0x0000000704000000| Complete 
|  19|0x0000000704200000, 0x0000000704400000, 0x0000000704400000|100%| S|CS|TAMS 0x0000000704200000, 0x0000000704200000| Complete 
|  20|0x0000000704400000, 0x0000000704400000, 0x0000000704600000|  0%| F|  |TAMS 0x0000000704400000, 0x0000000704400000| Untracked 
|  21|0x0000000704600000, 0x0000000704600000, 0x0000000704800000|  0%| F|  |TAMS 0x0000000704600000, 0x0000000704600000| Untracked 
|  22|0x0000000704800000, 0x0000000704800000, 0x0000000704a00000|  0%| F|  |TAMS 0x0000000704800000, 0x0000000704800000| Untracked 
|  23|0x0000000704a00000, 0x0000000704a00000, 0x0000000704c00000|  0%| F|  |TAMS 0x0000000704a00000, 0x0000000704a00000| Untracked 
|  24|0x0000000704c00000, 0x0000000704c00000, 0x0000000704e00000|  0%| F|  |TAMS 0x0000000704c00000, 0x0000000704c00000| Untracked 
|  25|0x0000000704e00000, 0x0000000704e00000, 0x0000000705000000|  0%| F|  |TAMS 0x0000000704e00000, 0x0000000704e00000| Untracked 
|  26|0x0000000705000000, 0x0000000705000000, 0x0000000705200000|  0%| F|  |TAMS 0x0000000705000000, 0x0000000705000000| Untracked 
|  27|0x0000000705200000, 0x0000000705200000, 0x0000000705400000|  0%| F|  |TAMS 0x0000000705200000, 0x0000000705200000| Untracked 
|  28|0x0000000705400000, 0x0000000705400000, 0x0000000705600000|  0%| F|  |TAMS 0x0000000705400000, 0x0000000705400000| Untracked 
|  36|0x0000000706400000, 0x00000007065644b8, 0x0000000706600000| 69%| E|  |TAMS 0x0000000706400000, 0x0000000706400000| Complete 
|  37|0x0000000706600000, 0x0000000706800000, 0x0000000706800000|100%| E|CS|TAMS 0x0000000706600000, 0x0000000706600000| Complete 
|  38|0x0000000706800000, 0x0000000706a00000, 0x0000000706a00000|100%| E|CS|TAMS 0x0000000706800000, 0x0000000706800000| Complete 
|  39|0x0000000706a00000, 0x0000000706c00000, 0x0000000706c00000|100%| E|CS|TAMS 0x0000000706a00000, 0x0000000706a00000| Complete 
| 127|0x0000000711a00000, 0x0000000711c00000, 0x0000000711c00000|100%| E|CS|TAMS 0x0000000711a00000, 0x0000000711a00000| Complete 

Card table byte_map: [0x000001baf85e0000,0x000001baf8de0000] _byte_map_base: 0x000001baf4dd2000

Marking Bits (Prev, Next): (CMBitMap*) 0x000001bae61dc460, (CMBitMap*) 0x000001bae61dc4a0
 Prev Bits: [0x000001baf95e0000, 0x000001bafd570000)
 Next Bits: [0x000001ba80000000, 0x000001ba83f90000)

Polling page: 0x000001bae4120000

Metaspace:

Usage:
  Non-class:     46.79 MB used.
      Class:      6.98 MB used.
       Both:     53.76 MB used.

Virtual space:
  Non-class space:       48.00 MB reserved,      46.94 MB ( 98%) committed,  6 nodes.
      Class space:        1.00 GB reserved,       7.12 MB ( <1%) committed,  1 nodes.
             Both:        1.05 GB reserved,      54.06 MB (  5%) committed. 

Chunk freelists:
   Non-Class:  736.00 KB
       Class:  848.00 KB
        Both:  1.55 MB

MaxMetaspaceSize: unlimited
CompressedClassSpaceSize: 1.00 GB
Initial GC threshold: 21.00 MB
Current GC threshold: 59.00 MB
CDS: off
MetaspaceReclaimPolicy: balanced
 - commit_granule_bytes: 65536.
 - commit_granule_words: 8192.
 - virtual_space_node_default_size: 1048576.
 - enlarge_chunks_in_place: 1.
 - new_chunks_are_fully_committed: 0.
 - uncommit_free_chunks: 1.
 - use_allocation_guard: 0.
 - handle_deallocations: 1.


Internal statistics:

num_allocs_failed_limit: 6.
num_arena_births: 304.
num_arena_deaths: 0.
num_vsnodes_births: 7.
num_vsnodes_deaths: 0.
num_space_committed: 865.
num_space_uncommitted: 0.
num_chunks_returned_to_freelist: 6.
num_chunks_taken_from_freelist: 1896.
num_chunk_merges: 6.
num_chunk_splits: 1356.
num_chunks_enlarged: 1092.
num_purges: 0.
num_inconsistent_stats: 0.

CodeHeap 'non-profiled nmethods': size=120000Kb used=2342Kb max_used=2710Kb free=117657Kb
 bounds [0x000001baf08b0000, 0x000001baf0b60000, 0x000001baf7de0000]
CodeHeap 'profiled nmethods': size=120000Kb used=8661Kb max_used=9486Kb free=111338Kb
 bounds [0x000001bae8de0000, 0x000001bae9730000, 0x000001baf0310000]
CodeHeap 'non-nmethods': size=5760Kb used=1375Kb max_used=1427Kb free=4384Kb
 bounds [0x000001baf0310000, 0x000001baf0580000, 0x000001baf08b0000]
 total_blobs=4783 nmethods=4155 adapters=540
 compilation: enabled
              stopped_count=0, restarted_count=0
 full_count=0

Compilation events (20 events):
Event: 5.836 Thread 0x000001ba848841a0 4703       3       net.bytebuddy.description.type.TypeDescription$Generic$OfNonGenericType$ForLoadedType::<init> (15 bytes)
Event: 5.836 Thread 0x000001ba848841a0 nmethod 4703 0x000001bae916b410 code [0x000001bae916b5c0, 0x000001bae916b918]
Event: 5.836 Thread 0x000001ba848841a0 4696       3       net.bytebuddy.description.type.TypeDescription$Generic$Visitor$ForRawType::onNonGenericType (2 bytes)
Event: 5.836 Thread 0x000001ba848841a0 nmethod 4696 0x000001bae91a0710 code [0x000001bae91a08a0, 0x000001bae91a09b8]
Event: 5.836 Thread 0x000001ba848841a0 4704       3       net.bytebuddy.matcher.ElementMatcher$Junction$Conjunction::matches (46 bytes)
Event: 5.836 Thread 0x000001ba848841a0 nmethod 4704 0x000001bae916a990 code [0x000001bae916ab80, 0x000001bae916b1f8]
Event: 5.836 Thread 0x000001ba848841a0 4705       3       net.bytebuddy.description.type.TypeList$Generic$Explicit::<init> (10 bytes)
Event: 5.837 Thread 0x000001ba848841a0 nmethod 4705 0x000001bae8e0c590 code [0x000001bae8e0c740, 0x000001bae8e0ca98]
Event: 5.844 Thread 0x000001ba848841a0 4706       3       net.bytebuddy.description.type.TypeDescription$Generic$OfNonGenericType::accept (8 bytes)
Event: 5.844 Thread 0x000001ba848841a0 nmethod 4706 0x000001bae8e0c110 code [0x000001bae8e0c2c0, 0x000001bae8e0c4a8]
Event: 5.844 Thread 0x000001ba848841a0 4707       3       net.bytebuddy.description.type.TypeDefinition$Sort::describe (127 bytes)
Event: 5.845 Thread 0x000001ba848841a0 nmethod 4707 0x000001bae8e6b490 code [0x000001bae8e6b840, 0x000001bae8e6d538]
Event: 5.845 Thread 0x000001ba848841a0 4708       3       net.bytebuddy.description.type.TypeDescription$ForLoadedType::getName (8 bytes)
Event: 5.845 Thread 0x000001ba848841a0 nmethod 4708 0x000001bae91a2910 code [0x000001bae91a2aa0, 0x000001bae91a2be8]
Event: 5.845 Thread 0x000001ba848841a0 4709       3       net.bytebuddy.description.type.TypeDescription$ForLoadedType::getName (28 bytes)
Event: 5.845 Thread 0x000001ba848841a0 nmethod 4709 0x000001bae8e0b810 code [0x000001bae8e0ba00, 0x000001bae8e0bf18]
Event: 5.846 Thread 0x000001ba848841a0 4710       3       net.bytebuddy.description.type.TypeList$Explicit::get (6 bytes)
Event: 5.846 Thread 0x000001ba848841a0 nmethod 4710 0x000001bae8e0b190 code [0x000001bae8e0b340, 0x000001bae8e0b6a8]
Event: 5.846 Thread 0x000001ba848841a0 4711       3       net.bytebuddy.description.type.TypeList$Explicit::get (14 bytes)
Event: 5.846 Thread 0x000001ba848841a0 nmethod 4711 0x000001bae8e0ac10 code [0x000001bae8e0adc0, 0x000001bae8e0b0c8]

GC Heap History (20 events):
Event: 1.008 GC heap before
{Heap before GC invocations=0 (full 0):
 garbage-first heap   total 262144K, used 12288K [0x0000000701c00000, 0x0000000800000000)
  region size 2048K, 6 young (12288K), 0 survivors (0K)
 Metaspace       used 8653K, committed 8768K, reserved 1056768K
  class space    used 830K, committed 896K, reserved 1048576K
}
Event: 1.059 GC heap after
{Heap after GC invocations=1 (full 0):
 garbage-first heap   total 262144K, used 5642K [0x0000000701c00000, 0x0000000800000000)
  region size 2048K, 1 young (2048K), 1 survivors (2048K)
 Metaspace       used 8653K, committed 8768K, reserved 1056768K
  class space    used 830K, committed 896K, reserved 1048576K
}
Event: 1.511 GC heap before
{Heap before GC invocations=1 (full 0):
 garbage-first heap   total 262144K, used 13834K [0x0000000701c00000, 0x0000000800000000)
  region size 2048K, 6 young (12288K), 1 survivors (2048K)
 Metaspace       used 11557K, committed 11712K, reserved 1064960K
  class space    used 1213K, committed 1280K, reserved 1048576K
}
Event: 1.512 GC heap after
{Heap after GC invocations=2 (full 0):
 garbage-first heap   total 262144K, used 6461K [0x0000000701c00000, 0x0000000800000000)
  region size 2048K, 1 young (2048K), 1 survivors (2048K)
 Metaspace       used 11557K, committed 11712K, reserved 1064960K
  class space    used 1213K, committed 1280K, reserved 1048576K
}
Event: 1.927 GC heap before
{Heap before GC invocations=2 (full 0):
 garbage-first heap   total 262144K, used 31037K [0x0000000701c00000, 0x0000000800000000)
  region size 2048K, 13 young (26624K), 1 survivors (2048K)
 Metaspace       used 18106K, committed 18304K, reserved 1073152K
  class space    used 2037K, committed 2112K, reserved 1048576K
}
Event: 1.929 GC heap after
{Heap after GC invocations=3 (full 0):
 garbage-first heap   total 262144K, used 7993K [0x0000000701c00000, 0x0000000800000000)
  region size 2048K, 2 young (4096K), 2 survivors (4096K)
 Metaspace       used 18106K, committed 18304K, reserved 1073152K
  class space    used 2037K, committed 2112K, reserved 1048576K
}
Event: 2.080 GC heap before
{Heap before GC invocations=3 (full 0):
 garbage-first heap   total 262144K, used 22329K [0x0000000701c00000, 0x0000000800000000)
  region size 2048K, 10 young (20480K), 2 survivors (4096K)
 Metaspace       used 21385K, committed 21504K, reserved 1073152K
  class space    used 2450K, committed 2496K, reserved 1048576K
}
Event: 2.082 GC heap after
{Heap after GC invocations=4 (full 0):
 garbage-first heap   total 262144K, used 8576K [0x0000000701c00000, 0x0000000800000000)
  region size 2048K, 2 young (4096K), 2 survivors (4096K)
 Metaspace       used 21385K, committed 21504K, reserved 1073152K
  class space    used 2450K, committed 2496K, reserved 1048576K
}
Event: 2.475 GC heap before
{Heap before GC invocations=5 (full 0):
 garbage-first heap   total 40960K, used 27008K [0x0000000701c00000, 0x0000000800000000)
  region size 2048K, 12 young (24576K), 2 survivors (4096K)
 Metaspace       used 23859K, committed 24064K, reserved 1073152K
  class space    used 2755K, committed 2880K, reserved 1048576K
}
Event: 2.479 GC heap after
{Heap after GC invocations=6 (full 0):
 garbage-first heap   total 40960K, used 10100K [0x0000000701c00000, 0x0000000800000000)
  region size 2048K, 2 young (4096K), 2 survivors (4096K)
 Metaspace       used 23859K, committed 24064K, reserved 1073152K
  class space    used 2755K, committed 2880K, reserved 1048576K
}
Event: 2.518 GC heap before
{Heap before GC invocations=6 (full 0):
 garbage-first heap   total 40960K, used 12148K [0x0000000701c00000, 0x0000000800000000)
  region size 2048K, 3 young (6144K), 2 survivors (4096K)
 Metaspace       used 24069K, committed 24256K, reserved 1073152K
  class space    used 2781K, committed 2880K, reserved 1048576K
}
Event: 2.521 GC heap after
{Heap after GC invocations=7 (full 0):
 garbage-first heap   total 40960K, used 10307K [0x0000000701c00000, 0x0000000800000000)
  region size 2048K, 1 young (2048K), 1 survivors (2048K)
 Metaspace       used 24069K, committed 24256K, reserved 1073152K
  class space    used 2781K, committed 2880K, reserved 1048576K
}
Event: 2.765 GC heap before
{Heap before GC invocations=7 (full 0):
 garbage-first heap   total 40960K, used 24643K [0x0000000701c00000, 0x0000000800000000)
  region size 2048K, 8 young (16384K), 1 survivors (2048K)
 Metaspace       used 25359K, committed 25600K, reserved 1073152K
  class space    used 2937K, committed 3072K, reserved 1048576K
}
Event: 2.767 GC heap after
{Heap after GC invocations=8 (full 0):
 garbage-first heap   total 151552K, used 10890K [0x0000000701c00000, 0x0000000800000000)
  region size 2048K, 1 young (2048K), 1 survivors (2048K)
 Metaspace       used 25359K, committed 25600K, reserved 1073152K
  class space    used 2937K, committed 3072K, reserved 1048576K
}
Event: 4.225 GC heap before
{Heap before GC invocations=8 (full 0):
 garbage-first heap   total 151552K, used 78474K [0x0000000701c00000, 0x0000000800000000)
  region size 2048K, 35 young (71680K), 1 survivors (2048K)
 Metaspace       used 35794K, committed 36096K, reserved 1081344K
  class space    used 4343K, committed 4480K, reserved 1048576K
}
Event: 4.231 GC heap after
{Heap after GC invocations=9 (full 0):
 garbage-first heap   total 151552K, used 16213K [0x0000000701c00000, 0x0000000800000000)
  region size 2048K, 4 young (8192K), 4 survivors (8192K)
 Metaspace       used 35794K, committed 36096K, reserved 1081344K
  class space    used 4343K, committed 4480K, reserved 1048576K
}
Event: 5.137 GC heap before
{Heap before GC invocations=10 (full 0):
 garbage-first heap   total 69632K, used 48981K [0x0000000701c00000, 0x0000000800000000)
  region size 2048K, 20 young (40960K), 4 survivors (8192K)
 Metaspace       used 46999K, committed 47360K, reserved 1097728K
  class space    used 5922K, committed 6080K, reserved 1048576K
}
Event: 5.143 GC heap after
{Heap after GC invocations=11 (full 0):
 garbage-first heap   total 69632K, used 19100K [0x0000000701c00000, 0x0000000800000000)
  region size 2048K, 2 young (4096K), 2 survivors (4096K)
 Metaspace       used 46999K, committed 47360K, reserved 1097728K
  class space    used 5922K, committed 6080K, reserved 1048576K
}
Event: 5.720 GC heap before
{Heap before GC invocations=11 (full 0):
 garbage-first heap   total 69632K, used 47772K [0x0000000701c00000, 0x0000000800000000)
  region size 2048K, 16 young (32768K), 2 survivors (4096K)
 Metaspace       used 53184K, committed 53504K, reserved 1097728K
  class space    used 6773K, committed 6912K, reserved 1048576K
}
Event: 5.724 GC heap after
{Heap after GC invocations=12 (full 0):
 garbage-first heap   total 69632K, used 21070K [0x0000000701c00000, 0x0000000800000000)
  region size 2048K, 2 young (4096K), 2 survivors (4096K)
 Metaspace       used 53184K, committed 53504K, reserved 1097728K
  class space    used 6773K, committed 6912K, reserved 1048576K
}

Dll operation events (10 events):
Event: 0.007 Loaded shared library C:\Users\kosmo\.vscode\extensions\redhat.java-1.16.0-win32-x64\jre\17.0.6-win32-x86_64\bin\java.dll
Event: 0.656 Loaded shared library C:\Users\kosmo\.vscode\extensions\redhat.java-1.16.0-win32-x64\jre\17.0.6-win32-x86_64\bin\net.dll
Event: 0.658 Loaded shared library C:\Users\kosmo\.vscode\extensions\redhat.java-1.16.0-win32-x64\jre\17.0.6-win32-x86_64\bin\nio.dll
Event: 0.668 Loaded shared library C:\Users\kosmo\.vscode\extensions\redhat.java-1.16.0-win32-x64\jre\17.0.6-win32-x86_64\bin\zip.dll
Event: 0.750 Loaded shared library C:\Users\kosmo\.vscode\extensions\redhat.java-1.16.0-win32-x64\jre\17.0.6-win32-x86_64\bin\verify.dll
Event: 0.763 Loaded shared library C:\Users\kosmo\.vscode\extensions\redhat.java-1.16.0-win32-x64\jre\17.0.6-win32-x86_64\bin\jimage.dll
Event: 1.231 Loaded shared library C:\Users\kosmo\.vscode\extensions\redhat.java-1.16.0-win32-x64\jre\17.0.6-win32-x86_64\bin\management.dll
Event: 1.256 Loaded shared library C:\Users\kosmo\.vscode\extensions\redhat.java-1.16.0-win32-x64\jre\17.0.6-win32-x86_64\bin\management_ext.dll
Event: 3.483 Loaded shared library C:\LDW\Web\tomcat9\bin\tcnative-1.dll
Event: 3.832 Loaded shared library C:\Users\kosmo\.vscode\extensions\redhat.java-1.16.0-win32-x64\jre\17.0.6-win32-x86_64\bin\sunmscapi.dll

Deoptimization events (20 events):
Event: 5.693 Thread 0x000001ba85a08370 DEOPT PACKING pc=0x000001baf0a2d5d8 sp=0x0000005b90afae00
Event: 5.693 Thread 0x000001ba85a08370 DEOPT UNPACKING pc=0x000001baf0367143 sp=0x0000005b90afa290 mode 1
Event: 5.693 Thread 0x000001ba85a08370 DEOPT PACKING pc=0x000001bae8f028f4 sp=0x0000005b90afa360
Event: 5.693 Thread 0x000001ba85a08370 DEOPT UNPACKING pc=0x000001baf0367143 sp=0x0000005b90af97f8 mode 1
Event: 5.693 Thread 0x000001ba85a08370 DEOPT PACKING pc=0x000001baf0b140c8 sp=0x0000005b90afa430
Event: 5.693 Thread 0x000001ba85a08370 DEOPT UNPACKING pc=0x000001baf0367143 sp=0x0000005b90af98c8 mode 1
Event: 5.693 Thread 0x000001ba85a08370 DEOPT PACKING pc=0x000001baf0a2d5d8 sp=0x0000005b90afae00
Event: 5.693 Thread 0x000001ba85a08370 DEOPT UNPACKING pc=0x000001baf0367143 sp=0x0000005b90afa290 mode 1
Event: 5.706 Thread 0x000001ba85a08370 DEOPT PACKING pc=0x000001bae8f028f4 sp=0x0000005b90afa680
Event: 5.706 Thread 0x000001ba85a08370 DEOPT UNPACKING pc=0x000001baf0367143 sp=0x0000005b90af9b18 mode 1
Event: 5.706 Thread 0x000001ba85a08370 DEOPT PACKING pc=0x000001baf0b140c8 sp=0x0000005b90afa750
Event: 5.706 Thread 0x000001ba85a08370 DEOPT UNPACKING pc=0x000001baf0367143 sp=0x0000005b90af9be8 mode 1
Event: 5.706 Thread 0x000001ba85a08370 DEOPT PACKING pc=0x000001baf0a2d5d8 sp=0x0000005b90afb120
Event: 5.706 Thread 0x000001ba85a08370 DEOPT UNPACKING pc=0x000001baf0367143 sp=0x0000005b90afa5b0 mode 1
Event: 5.707 Thread 0x000001ba85a08370 DEOPT PACKING pc=0x000001bae8f028f4 sp=0x0000005b90afa680
Event: 5.707 Thread 0x000001ba85a08370 DEOPT UNPACKING pc=0x000001baf0367143 sp=0x0000005b90af9b18 mode 1
Event: 5.707 Thread 0x000001ba85a08370 DEOPT PACKING pc=0x000001baf0b140c8 sp=0x0000005b90afa750
Event: 5.707 Thread 0x000001ba85a08370 DEOPT UNPACKING pc=0x000001baf0367143 sp=0x0000005b90af9be8 mode 1
Event: 5.707 Thread 0x000001ba85a08370 DEOPT PACKING pc=0x000001baf0a2d5d8 sp=0x0000005b90afb120
Event: 5.707 Thread 0x000001ba85a08370 DEOPT UNPACKING pc=0x000001baf0367143 sp=0x0000005b90afa5b0 mode 1

Classes unloaded (0 events):
No events

Classes redefined (0 events):
No events

Internal exceptions (20 events):
Event: 4.051 Thread 0x000001ba85a08370 Exception <a 'java/lang/NoSuchMethodError'{0x000000070763f368}: 'long java.lang.invoke.DirectMethodHandle$Holder.invokeVirtual(java.lang.Object, java.lang.Object)'> (0x000000070763f368) 
thrown [s\src\hotspot\share\interpreter\linkResolver.cpp, line 759]
Event: 4.057 Thread 0x000001ba85a08370 Exception <a 'java/io/FileNotFoundException'{0x0000000707672d28}> (0x0000000707672d28) 
thrown [s\src\hotspot\share\prims\jni.cpp, line 516]
Event: 4.838 Thread 0x000001ba85a08370 Implicit null exception at 0x000001baf0a8c9ed to 0x000001baf0a8d118
Event: 5.012 Thread 0x000001ba85a08370 Exception <a 'sun/nio/fs/WindowsException'{0x0000000703b97548}> (0x0000000703b97548) 
thrown [s\src\hotspot\share\prims\jni.cpp, line 516]
Event: 5.019 Thread 0x000001ba85a08370 Exception <a 'java/lang/NoSuchMethodError'{0x0000000703bb8630}: 'int java.lang.invoke.DirectMethodHandle$Holder.invokeStaticInit(java.lang.Object, java.lang.Object, java.lang.Object, java.lang.Object)'> (0x0000000703bb8630) 
thrown [s\src\hotspot\share\interpreter\linkResolver.cpp, line 759]
Event: 5.248 Thread 0x000001ba85a08370 Exception <a 'java/lang/NoSuchMethodError'{0x00000007068df578}: 'java.lang.Object java.lang.invoke.DirectMethodHandle$Holder.invokeStaticInit(java.lang.Object, java.lang.Object, java.lang.Object, java.lang.Object)'> (0x00000007068df578) 
thrown [s\src\hotspot\share\interpreter\linkResolver.cpp, line 759]
Event: 5.531 Thread 0x000001ba85a08370 Exception <a 'java/lang/NoSuchMethodError'{0x0000000704c9fe90}: 'java.lang.Object java.lang.invoke.DirectMethodHandle$Holder.newInvokeSpecial(java.lang.Object, java.lang.Object, int, java.lang.Object, java.lang.Object)'> (0x0000000704c9fe90) 
thrown [s\src\hotspot\share\interpreter\linkResolver.cpp, line 759]
Event: 5.550 Thread 0x000001ba85a08370 Exception <a 'java/lang/ClassNotFoundException'{0x0000000704d91968}: java/lang/ObjectCustomizer> (0x0000000704d91968) 
thrown [s\src\hotspot\share\classfile\systemDictionary.cpp, line 256]
Event: 5.551 Thread 0x000001ba85a08370 Exception <a 'java/lang/ClassNotFoundException'{0x0000000704d9c1f8}: org/springframework/beans/factory/config/AbstractFactoryBeanCustomizer> (0x0000000704d9c1f8) 
thrown [s\src\hotspot\share\classfile\systemDictionary.cpp, line 256]
Event: 5.552 Thread 0x000001ba85a08370 Exception <a 'java/lang/ClassNotFoundException'{0x0000000704dabb50}: org/springframework/beans/factory/config/ObjectFactoryCreatingFactoryBeanCustomizer> (0x0000000704dabb50) 
thrown [s\src\hotspot\share\classfile\systemDictionary.cpp, line 256]
Event: 5.553 Thread 0x000001ba85a08370 Exception <a 'java/lang/ClassNotFoundException'{0x0000000704dbf080}: org/springframework/beans/factory/FactoryBeanCustomizer> (0x0000000704dbf080) 
thrown [s\src\hotspot\share\classfile\systemDictionary.cpp, line 256]
Event: 5.555 Thread 0x000001ba85a08370 Exception <a 'java/lang/ClassNotFoundException'{0x0000000704dca578}: org/springframework/beans/factory/BeanClassLoaderAwareCustomizer> (0x0000000704dca578) 
thrown [s\src\hotspot\share\classfile\systemDictionary.cpp, line 256]
Event: 5.555 Thread 0x000001ba85a08370 Exception <a 'java/lang/ClassNotFoundException'{0x0000000704dd2110}: org/springframework/beans/factory/AwareCustomizer> (0x0000000704dd2110) 
thrown [s\src\hotspot\share\classfile\systemDictionary.cpp, line 256]
Event: 5.556 Thread 0x000001ba85a08370 Exception <a 'java/lang/ClassNotFoundException'{0x0000000704dd9250}: org/springframework/beans/factory/BeanFactoryAwareCustomizer> (0x0000000704dd9250) 
thrown [s\src\hotspot\share\classfile\systemDictionary.cpp, line 256]
Event: 5.557 Thread 0x000001ba85a08370 Exception <a 'java/lang/ClassNotFoundException'{0x0000000704de1488}: org/springframework/beans/factory/AwareCustomizer> (0x0000000704de1488) 
thrown [s\src\hotspot\share\classfile\systemDictionary.cpp, line 256]
Event: 5.557 Thread 0x000001ba85a08370 Exception <a 'java/lang/ClassNotFoundException'{0x0000000704de85c8}: org/springframework/beans/factory/InitializingBeanCustomizer> (0x0000000704de85c8) 
thrown [s\src\hotspot\share\classfile\systemDictionary.cpp, line 256]
Event: 5.558 Thread 0x000001ba85a08370 Exception <a 'java/lang/ClassNotFoundException'{0x0000000704defef8}: org/springframework/beans/factory/DisposableBeanCustomizer> (0x0000000704defef8) 
thrown [s\src\hotspot\share\classfile\systemDictionary.cpp, line 256]
Event: 5.559 Thread 0x000001ba85a08370 Exception <a 'java/lang/ClassNotFoundException'{0x0000000704a08ae8}: java/lang/ObjectCustomizer> (0x0000000704a08ae8) 
thrown [s\src\hotspot\share\classfile\systemDictionary.cpp, line 256]
Event: 5.560 Thread 0x000001ba85a08370 Exception <a 'java/lang/ClassNotFoundException'{0x0000000704a13698}: org/springframework/data/jpa/domain/support/AuditingEntityListenerCustomizer> (0x0000000704a13698) 
thrown [s\src\hotspot\share\classfile\systemDictionary.cpp, line 256]
Event: 5.562 Thread 0x000001ba85a08370 Exception <a 'java/lang/ClassNotFoundException'{0x0000000704a1f6f0}: org/springframework/beans/factory/aspectj/ConfigurableObjectCustomizer> (0x0000000704a1f6f0) 
thrown [s\src\hotspot\share\classfile\systemDictionary.cpp, line 256]

VM Operations (20 events):
Event: 5.016 Executing VM operation: HandshakeAllThreads
Event: 5.016 Executing VM operation: HandshakeAllThreads done
Event: 5.069 Executing VM operation: HandshakeAllThreads
Event: 5.069 Executing VM operation: HandshakeAllThreads done
Event: 5.119 Executing VM operation: HandshakeAllThreads
Event: 5.119 Executing VM operation: HandshakeAllThreads done
Event: 5.137 Executing VM operation: G1CollectForAllocation
Event: 5.143 Executing VM operation: G1CollectForAllocation done
Event: 5.249 Executing VM operation: HandshakeAllThreads
Event: 5.249 Executing VM operation: HandshakeAllThreads done
Event: 5.257 Executing VM operation: HandshakeAllThreads
Event: 5.258 Executing VM operation: HandshakeAllThreads done
Event: 5.327 Executing VM operation: HandshakeAllThreads
Event: 5.344 Executing VM operation: HandshakeAllThreads done
Event: 5.378 Executing VM operation: ICBufferFull
Event: 5.378 Executing VM operation: ICBufferFull done
Event: 5.447 Executing VM operation: HandshakeAllThreads
Event: 5.447 Executing VM operation: HandshakeAllThreads done
Event: 5.720 Executing VM operation: G1CollectForAllocation
Event: 5.724 Executing VM operation: G1CollectForAllocation done

Events (20 events):
Event: 5.550 loading class java/lang/ObjectCustomizer
Event: 5.550 loading class java/lang/ObjectCustomizer done
Event: 5.559 loading class java/lang/ObjectCustomizer
Event: 5.559 loading class java/lang/ObjectCustomizer done
Event: 5.559 loading class java/lang/ObjectCustomizer
Event: 5.559 loading class java/lang/ObjectCustomizer done
Event: 5.574 loading class java/util/concurrent/CompletionStage
Event: 5.574 loading class java/util/concurrent/CompletionStage done
Event: 5.575 loading class java/util/concurrent/CompletableFuture
Event: 5.576 loading class java/util/concurrent/CompletableFuture done
Event: 5.576 loading class java/util/concurrent/CompletableFuture$AltResult
Event: 5.576 loading class java/util/concurrent/CompletableFuture$AltResult done
Event: 5.576 loading class java/util/concurrent/CompletableFuture$Completion
Event: 5.576 loading class java/util/concurrent/CompletableFuture$AsynchronousCompletionTask
Event: 5.576 loading class java/util/concurrent/CompletableFuture$AsynchronousCompletionTask done
Event: 5.576 loading class java/util/concurrent/ForkJoinTask
Event: 5.576 loading class java/util/concurrent/ForkJoinTask done
Event: 5.576 loading class java/util/concurrent/CompletableFuture$Completion done
Event: 5.789 loading class java/util/AbstractList$SubList
Event: 5.789 loading class java/util/AbstractList$SubList done


Dynamic libraries:
0x00007ff6ec950000 - 0x00007ff6ec95e000 	C:\Users\kosmo\.vscode\extensions\redhat.java-1.16.0-win32-x64\jre\17.0.6-win32-x86_64\bin\java.exe
0x00007ffec1f30000 - 0x00007ffec2128000 	C:\Windows\SYSTEM32\ntdll.dll
0x00007ffec1ab0000 - 0x00007ffec1b6f000 	C:\Windows\System32\KERNEL32.DLL
0x00007ffebf940000 - 0x00007ffebfc12000 	C:\Windows\System32\KERNELBASE.dll
0x00007ffebf780000 - 0x00007ffebf880000 	C:\Windows\System32\ucrtbase.dll
0x00007ffebb280000 - 0x00007ffebb297000 	C:\Users\kosmo\.vscode\extensions\redhat.java-1.16.0-win32-x64\jre\17.0.6-win32-x86_64\bin\jli.dll
0x00007ffeb7e40000 - 0x00007ffeb7e59000 	C:\Users\kosmo\.vscode\extensions\redhat.java-1.16.0-win32-x64\jre\17.0.6-win32-x86_64\bin\VCRUNTIME140.dll
0x00007ffec0970000 - 0x00007ffec0b11000 	C:\Windows\System32\USER32.dll
0x00007ffebfdf0000 - 0x00007ffebfe12000 	C:\Windows\System32\win32u.dll
0x00007ffec0070000 - 0x00007ffec009b000 	C:\Windows\System32\GDI32.dll
0x00007ffebfce0000 - 0x00007ffebfdef000 	C:\Windows\System32\gdi32full.dll
0x00007ffea2d90000 - 0x00007ffea302a000 	C:\Windows\WinSxS\amd64_microsoft.windows.common-controls_6595b64144ccf1df_6.0.19041.1110_none_60b5254171f9507e\COMCTL32.dll
0x00007ffebf6e0000 - 0x00007ffebf77d000 	C:\Windows\System32\msvcp_win.dll
0x00007ffec14c0000 - 0x00007ffec155e000 	C:\Windows\System32\msvcrt.dll
0x00007ffec16f0000 - 0x00007ffec1720000 	C:\Windows\System32\IMM32.DLL
0x00007ffeba890000 - 0x00007ffeba89c000 	C:\Users\kosmo\.vscode\extensions\redhat.java-1.16.0-win32-x64\jre\17.0.6-win32-x86_64\bin\vcruntime140_1.dll
0x00007ffe78280000 - 0x00007ffe78311000 	C:\Users\kosmo\.vscode\extensions\redhat.java-1.16.0-win32-x64\jre\17.0.6-win32-x86_64\bin\msvcp140.dll
0x00007ffe5fd60000 - 0x00007ffe609a7000 	C:\Users\kosmo\.vscode\extensions\redhat.java-1.16.0-win32-x64\jre\17.0.6-win32-x86_64\bin\server\jvm.dll
0x00007ffec1930000 - 0x00007ffec19de000 	C:\Windows\System32\ADVAPI32.dll
0x00007ffec15d0000 - 0x00007ffec166c000 	C:\Windows\System32\sechost.dll
0x00007ffec1ca0000 - 0x00007ffec1dc4000 	C:\Windows\System32\RPCRT4.dll
0x00007ffeb35b0000 - 0x00007ffeb35b9000 	C:\Windows\SYSTEM32\WSOCK32.dll
0x00007ffe9d640000 - 0x00007ffe9d667000 	C:\Windows\SYSTEM32\WINMM.dll
0x00007ffec1560000 - 0x00007ffec15cb000 	C:\Windows\System32\WS2_32.dll
0x00007ffeba870000 - 0x00007ffeba87a000 	C:\Windows\SYSTEM32\VERSION.dll
0x00007ffebd510000 - 0x00007ffebd522000 	C:\Windows\SYSTEM32\kernel.appcore.dll
0x00007ffeb44e0000 - 0x00007ffeb44ea000 	C:\Users\kosmo\.vscode\extensions\redhat.java-1.16.0-win32-x64\jre\17.0.6-win32-x86_64\bin\jimage.dll
0x00007ffeb5e40000 - 0x00007ffeb6024000 	C:\Windows\SYSTEM32\DBGHELP.DLL
0x00007ffeb4e80000 - 0x00007ffeb4eb5000 	C:\Windows\SYSTEM32\dbgcore.DLL
0x00007ffebf8b0000 - 0x00007ffebf932000 	C:\Windows\System32\bcryptPrimitives.dll
0x00007ffeb40c0000 - 0x00007ffeb40fb000 	C:\Users\kosmo\.vscode\extensions\redhat.java-1.16.0-win32-x64\jre\17.0.6-win32-x86_64\bin\jdwp.dll
0x00007ffeb4360000 - 0x00007ffeb4385000 	C:\Users\kosmo\.vscode\extensions\redhat.java-1.16.0-win32-x64\jre\17.0.6-win32-x86_64\bin\java.dll
0x00007ffeb42c0000 - 0x00007ffeb42d8000 	C:\Users\kosmo\.vscode\extensions\redhat.java-1.16.0-win32-x64\jre\17.0.6-win32-x86_64\bin\zip.dll
0x00007ffec0210000 - 0x00007ffec0955000 	C:\Windows\System32\SHELL32.dll
0x00007ffebd710000 - 0x00007ffebdea2000 	C:\Windows\SYSTEM32\windows.storage.dll
0x00007ffec1160000 - 0x00007ffec14b5000 	C:\Windows\System32\combase.dll
0x00007ffebefb0000 - 0x00007ffebefe0000 	C:\Windows\SYSTEM32\Wldp.dll
0x00007ffec19e0000 - 0x00007ffec1a8d000 	C:\Windows\System32\SHCORE.dll
0x00007ffec0100000 - 0x00007ffec0155000 	C:\Windows\System32\shlwapi.dll
0x00007ffebf570000 - 0x00007ffebf58f000 	C:\Windows\SYSTEM32\profapi.dll
0x00007ffeb4520000 - 0x00007ffeb452c000 	C:\Users\kosmo\.vscode\extensions\redhat.java-1.16.0-win32-x64\jre\17.0.6-win32-x86_64\bin\dt_socket.dll
0x00007ffebea00000 - 0x00007ffebea3b000 	C:\Windows\SYSTEM32\IPHLPAPI.DLL
0x00007ffebed10000 - 0x00007ffebed7a000 	C:\Windows\system32\mswsock.dll
0x00007ffebea40000 - 0x00007ffebeb0b000 	C:\Windows\SYSTEM32\DNSAPI.dll
0x00007ffec1080000 - 0x00007ffec1088000 	C:\Windows\System32\NSI.dll
0x00007ffeb8960000 - 0x00007ffeb896a000 	C:\Windows\System32\rasadhlp.dll
0x00007ffeb8670000 - 0x00007ffeb86f0000 	C:\Windows\System32\fwpuclnt.dll
0x00007ffebf880000 - 0x00007ffebf8a7000 	C:\Windows\System32\bcrypt.dll
0x00007ffeb4220000 - 0x00007ffeb4239000 	C:\Users\kosmo\.vscode\extensions\redhat.java-1.16.0-win32-x64\jre\17.0.6-win32-x86_64\bin\net.dll
0x00007ffeb9140000 - 0x00007ffeb924a000 	C:\Windows\SYSTEM32\WINHTTP.dll
0x00007ffeb4200000 - 0x00007ffeb4215000 	C:\Users\kosmo\.vscode\extensions\redhat.java-1.16.0-win32-x64\jre\17.0.6-win32-x86_64\bin\nio.dll
0x00007ffeb44c0000 - 0x00007ffeb44d0000 	C:\Users\kosmo\.vscode\extensions\redhat.java-1.16.0-win32-x64\jre\17.0.6-win32-x86_64\bin\verify.dll
0x00007ffeb42b0000 - 0x00007ffeb42b9000 	C:\Users\kosmo\.vscode\extensions\redhat.java-1.16.0-win32-x64\jre\17.0.6-win32-x86_64\bin\management.dll
0x00007ffeb41f0000 - 0x00007ffeb41fb000 	C:\Users\kosmo\.vscode\extensions\redhat.java-1.16.0-win32-x64\jre\17.0.6-win32-x86_64\bin\management_ext.dll
0x00007ffebff80000 - 0x00007ffebff88000 	C:\Windows\System32\PSAPI.DLL
0x00007ffea36f0000 - 0x00007ffea3707000 	C:\Windows\system32\napinsp.dll
0x00007ffea36d0000 - 0x00007ffea36eb000 	C:\Windows\system32\pnrpnsp.dll
0x00007ffea36b0000 - 0x00007ffea36c5000 	C:\Windows\system32\wshbth.dll
0x00007ffebb140000 - 0x00007ffebb15d000 	C:\Windows\system32\NLAapi.dll
0x00007ffea33e0000 - 0x00007ffea33f2000 	C:\Windows\System32\winrnr.dll
0x0000000180000000 - 0x0000000180288000 	C:\LDW\Web\tomcat9\bin\tcnative-1.dll
0x00007ffebfe20000 - 0x00007ffebff76000 	C:\Windows\System32\CRYPT32.dll
0x00007ffebef00000 - 0x00007ffebef18000 	C:\Windows\SYSTEM32\CRYPTSP.dll
0x00007ffebe630000 - 0x00007ffebe664000 	C:\Windows\system32\rsaenh.dll
0x00007ffebf530000 - 0x00007ffebf55e000 	C:\Windows\SYSTEM32\USERENV.dll
0x00007ffebef20000 - 0x00007ffebef2c000 	C:\Windows\SYSTEM32\CRYPTBASE.dll
0x00007ffeb9b00000 - 0x00007ffeb9b17000 	C:\Windows\SYSTEM32\dhcpcsvc6.DLL
0x00007ffeb9ae0000 - 0x00007ffeb9afd000 	C:\Windows\SYSTEM32\dhcpcsvc.DLL
0x00007ffeb40b0000 - 0x00007ffeb40be000 	C:\Users\kosmo\.vscode\extensions\redhat.java-1.16.0-win32-x64\jre\17.0.6-win32-x86_64\bin\sunmscapi.dll
0x00007ffebf020000 - 0x00007ffebf047000 	C:\Windows\SYSTEM32\ncrypt.dll
0x00007ffebefe0000 - 0x00007ffebf01b000 	C:\Windows\SYSTEM32\NTASN1.dll

dbghelp: loaded successfully - version: 4.0.5 - missing functions: none
symbol engine: initialized successfully - sym options: 0x614 - pdb path: .;C:\Users\kosmo\.vscode\extensions\redhat.java-1.16.0-win32-x64\jre\17.0.6-win32-x86_64\bin;C:\Windows\SYSTEM32;C:\Windows\WinSxS\amd64_microsoft.windows.common-controls_6595b64144ccf1df_6.0.19041.1110_none_60b5254171f9507e;C:\Users\kosmo\.vscode\extensions\redhat.java-1.16.0-win32-x64\jre\17.0.6-win32-x86_64\bin\server;C:\LDW\Web\tomcat9\bin

VM Arguments:
jvm_args: -agentlib:jdwp=transport=dt_socket,server=n,suspend=y,address=localhost:55615 -XX:+ShowCodeDetailsInExceptionMessages 
java_command: shoes.skream.project.ProjectApplication
java_class_path (initial): C:\LDW\Project\7_spring\Skream_Project\bin\main;C:\LDW\Project\7_spring\Skream_Project\bin\test;C:\LDW\Project\7_spring\Skream_Project\bin\default;C:\Users\kosmo\.gradle\caches\modules-2\files-2.1\org.projectlombok\lombok\1.18.26\8f8cf0372abf564913e9796623aac4c8ea44025a\lombok-1.18.26.jar;C:\Users\kosmo\.gradle\caches\modules-2\files-2.1\org.springframework.boot\spring-boot-starter-data-jpa\2.7.9\5af4a206fd4eaac881b7d96ca1ef19b2111a355c\spring-boot-starter-data-jpa-2.7.9.jar;C:\Users\kosmo\.gradle\caches\modules-2\files-2.1\org.springframework.boot\spring-boot-starter-thymeleaf\2.7.9\4bceaabd964cfa20ebc8464dd3c257fe74e18ecf\spring-boot-starter-thymeleaf-2.7.9.jar;C:\Users\kosmo\.gradle\caches\modules-2\files-2.1\org.springframework.boot\spring-boot-starter-web\2.7.9\e745a069e2b7ca51e378fcbc397d14dd82178199\spring-boot-starter-web-2.7.9.jar;C:\Users\kosmo\.gradle\caches\modules-2\files-2.1\org.mybatis.spring.boot\mybatis-spring-boot-starter\2.3.0\f4d9f73a2fb0adc56664c6febd66f98433fca7f5\mybatis-spring-boot-starter-2.3.0.jar;C:\Users\kosmo\.gradle\caches\modules-2\files-2.1\org.springframework.boot\spring-boot-starter-aop\2.7.9\9bd6ddd1f956f44dc954ec6915123998c3afe7ce\spring-boot-starter-aop-2.7.9.jar;C:\Users\kosmo\.gradle\caches\modules-2\files-2.1\org.springframework.boot\spring-boot-starter-jdbc\2.7.9\e09f4ac40a09826c3eff01369d5b56e2abcea9c9\spring-boot-starter-jdbc-2.7.9.jar;C:\Users\kosmo\.gradle\caches\modules-2\files-2.1\jakarta.transaction\jakarta.transaction-api\1.3.3\c4179d48720a1e87202115fbed6089bdc4195405\jakarta.transaction-api-1.3.3.jar;C:\Users\kosmo\.gradle\caches\modules-2\files-2.1\jakarta.persistence\jakarta.persistence-api\2.2.3\8f6ea5daedc614f07a3654a455660145286f024e\jakarta.persistence-api-2.2.3.jar;C:\Users\kosmo\.gradle\caches\modules-2\files-2.1\org.hibernate\hibernate-core\5.6.15.Final\ab14b7cef1fdff654ca81923048a6034d6c7cfa7\hibernate-core-5.6.15.Final.jar;C:\Users\kosmo\.gradle\caches\modules-2\files-2.1\org.s
Launcher Type: SUN_STANDARD

[Global flags]
     intx CICompilerCount                          = 3                                         {product} {ergonomic}
     uint ConcGCThreads                            = 1                                         {product} {ergonomic}
     uint G1ConcRefinementThreads                  = 4                                         {product} {ergonomic}
   size_t G1HeapRegionSize                         = 2097152                                   {product} {ergonomic}
    uintx GCDrainStackTargetSize                   = 64                                        {product} {ergonomic}
   size_t InitialHeapSize                          = 268435456                                 {product} {ergonomic}
   size_t MarkStackSize                            = 4194304                                   {product} {ergonomic}
   size_t MaxHeapSize                              = 4265607168                                {product} {ergonomic}
   size_t MaxNewSize                               = 2558525440                                {product} {ergonomic}
   size_t MinHeapDeltaBytes                        = 2097152                                   {product} {ergonomic}
   size_t MinHeapSize                              = 8388608                                   {product} {ergonomic}
    uintx NonNMethodCodeHeapSize                   = 5832780                                {pd product} {ergonomic}
    uintx NonProfiledCodeHeapSize                  = 122912730                              {pd product} {ergonomic}
    uintx ProfiledCodeHeapSize                     = 122912730                              {pd product} {ergonomic}
    uintx ReservedCodeCacheSize                    = 251658240                              {pd product} {ergonomic}
     bool SegmentedCodeCache                       = true                                      {product} {ergonomic}
     bool ShowCodeDetailsInExceptionMessages       = true                                   {manageable} {command line}
   size_t SoftMaxHeapSize                          = 4265607168                             {manageable} {ergonomic}
     bool UseCompressedClassPointers               = true                           {product lp64_product} {ergonomic}
     bool UseCompressedOops                        = true                           {product lp64_product} {ergonomic}
     bool UseG1GC                                  = true                                      {product} {ergonomic}
     bool UseLargePagesIndividualAllocation        = false                                  {pd product} {ergonomic}

Logging:
Log output configuration:
 #0: stdout all=warning uptime,level,tags
 #1: stderr all=off uptime,level,tags

Environment Variables:
JAVA_HOME=C:\LDW\SpringBoot\jdk-17.0.6
CLASSPATH=.;C:\LDW\Advanced\\ojdbc8.jar
PATH=C:\LDW\SpringBoot\jdk-17.0.6\bin;C:\LDW\Web\tomcat9\bin;C:\app\kosmo\virtual\product\12.2.0\dbhome_1\bin;C:\Program Files (x86)\Common Files\Oracle\Java\javapath;C:\LDW\Kotlin\kotlinc\bin;C:\Windows\system32;C:\Windows;C:\Windows\System32\Wbem;C:\Windows\System32\WindowsPowerShell\v1.0\;C:\Windows\System32\OpenSSH\;C:\Program Files\Git\cmd;C:\Program Files\MySQL\MySQL Server 8.0\bin;C:\Users\kosmo\anaconda3;C:\Users\kosmo\anaconda3\Library\mingw-w64\bin;C:\Users\kosmo\anaconda3\Library\usr\bin;C:\Users\kosmo\anaconda3\Library\bin;C:\Users\kosmo\anaconda3\Scripts;C:\Users\kosmo\AppData\Local\Microsoft\WindowsApps;C:\Program Files\JetBrains\IntelliJ IDEA Community Edition 2022.3.2\bin;
USERNAME=kosmo
LANG=en_US.UTF-8
OS=Windows_NT
PROCESSOR_IDENTIFIER=Intel64 Family 6 Model 158 Stepping 9, GenuineIntel
TMP=C:\Users\kosmo\AppData\Local\Temp
TEMP=C:\Users\kosmo\AppData\Local\Temp



---------------  S Y S T E M  ---------------

OS:
 Windows 10 , 64 bit Build 19041 (10.0.19041.2546)
OS uptime: 8 days 2:10 hours

CPU: total 4 (initial active 4) (4 cores per cpu, 1 threads per core) family 6 model 158 stepping 9 microcode 0xb4, cx8, cmov, fxsr, mmx, 3dnowpref, sse, sse2, sse3, ssse3, sse4.1, sse4.2, popcnt, lzcnt, tsc, tscinvbit, avx, avx2, aes, erms, clmul, bmi1, bmi2, rtm, adx, fma, vzeroupper, clflush, clflushopt

Memory: 4k page, system-wide physical 16270M (7519M free)
TotalPageFile size 18702M (AvailPageFile size 2966M)
current process WorkingSet (physical memory assigned to process): 275M, peak: 278M
current process commit charge ("private bytes"): 298M, peak: 373M

vm_info: OpenJDK 64-Bit Server VM (17.0.6+10) for windows-amd64 JRE (17.0.6+10), built on Jan 18 2023 10:08:59 by "temurin" with MS VC++ 16.7 (VS2019)

END.
